<?xml version="1.0" encoding="UTF-8"?>
<testng-results ignored="0" total="1" passed="1" failed="0" skipped="0">
  <reporter-output>
  </reporter-output>
  <suite started-at="2026-01-05T00:41:50 IST" name="Default suite" finished-at="2026-01-05T00:42:03 IST" duration-ms="13722">
    <groups>
    </groups>
    <test started-at="2026-01-05T00:41:50 IST" name="Default test" finished-at="2026-01-05T00:42:03 IST" duration-ms="13722">
      <class name="InterviewQ.ImageBrokenLinkCheck">
        <test-method is-config="true" signature="Openapp()[pri:0, instance:InterviewQ.ImageBrokenLinkCheck@248e319b]" started-at="2026-01-05T00:41:50 IST" name="Openapp" finished-at="2026-01-05T00:42:03 IST" duration-ms="13576" status="PASS">
          <reporter-output>
          </reporter-output>
        </test-method> <!-- Openapp -->
        <test-method signature="check()[pri:0, instance:InterviewQ.ImageBrokenLinkCheck@248e319b]" started-at="2026-01-05T00:42:03 IST" name="check" finished-at="2026-01-05T00:42:03 IST" duration-ms="76" status="PASS">
          <reporter-output>
          </reporter-output>
        </test-method> <!-- check -->
      </class> <!-- InterviewQ.ImageBrokenLinkCheck -->
    </test> <!-- Default test -->
  </suite> <!-- Default suite -->
</testng-results>
