<?xml version="1.0" encoding="UTF-8"?>
<testng-results ignored="0" total="1" passed="1" failed="0" skipped="0">
  <reporter-output>
  </reporter-output>
  <suite started-at="2026-03-26T23:44:28 IST" name="Default suite" finished-at="2026-03-26T23:44:31 IST" duration-ms="3064">
    <groups>
    </groups>
    <test started-at="2026-03-26T23:44:28 IST" name="Default test" finished-at="2026-03-26T23:44:31 IST" duration-ms="3064">
      <class name="InterviewQ.SauceDemoLoginTest">
        <test-method signature="VerifysuccesfullLogin()[pri:0, instance:InterviewQ.SauceDemoLoginTest@15bb5034]" started-at="2026-03-26T23:44:28 IST" name="VerifysuccesfullLogin" finished-at="2026-03-26T23:44:31 IST" duration-ms="3021" status="PASS">
          <reporter-output>
          </reporter-output>
        </test-method> <!-- VerifysuccesfullLogin -->
      </class> <!-- InterviewQ.SauceDemoLoginTest -->
    </test> <!-- Default test -->
  </suite> <!-- Default suite -->
</testng-results>
