<?xml version="1.0" encoding="UTF-8"?>
<!-- Generated by org.testng.reporters.JUnitReportReporter -->
<testsuite hostname="LAPTOP-QKF30C9N" failures="0" tests="3" name="utils.ExcelDataProvider" time="24.157" errors="0" timestamp="2026-01-01T22:53:33 IST" skipped="0">
  <testcase classname="utils.ExcelDataProvider" name="test1" time="4.639"/>
  <testcase classname="utils.ExcelDataProvider" name="test1" time="8.303"/>
  <testcase classname="utils.ExcelDataProvider" name="test1" time="11.215"/>
</testsuite> <!-- utils.ExcelDataProvider -->
