<?xml version="1.0" encoding="UTF-8"?>
<!-- Generated by org.testng.reporters.JUnitReportReporter -->
<testsuite hostname="LAPTOP-QKF30C9N" failures="0" tests="3" name="testNG.TestDemo1" time="34.893" errors="0" timestamp="2025-11-03T23:44:24 IST" skipped="0">
  <testcase classname="testNG.TestDemo1" name="edgeTest" time="10.866"/>
  <testcase classname="testNG.TestDemo1" name="chromeTest" time="7.235"/>
  <testcase classname="testNG.TestDemo1" name="firefoxtest" time="16.792"/>
</testsuite> <!-- testNG.TestDemo1 -->
