<?xml version="1.0" encoding="UTF-8"?>
<!-- Generated by org.testng.reporters.JUnitReportReporter -->
<testsuite hostname="LAPTOP-QKF30C9N" failures="0" tests="3" name="testNG.DataDrivenTest" time="0.017" errors="0" timestamp="2025-12-07T20:15:52 IST" skipped="0">
  <testcase classname="testNG.DataDrivenTest" name="scenarioTest" time="0.009"/>
  <testcase classname="testNG.DataDrivenTest" name="scenarioTest" time="0.003"/>
  <testcase classname="testNG.DataDrivenTest" name="scenarioTest" time="0.005"/>
</testsuite> <!-- testNG.DataDrivenTest -->
