<?xml version="1.0" encoding="UTF-8"?>
<!-- Generated by org.testng.reporters.JUnitReportReporter -->
<testsuite hostname="LAPTOP-QKF30C9N" failures="0" tests="3" name="testNG.DataDrivenTest" time="0.022" errors="0" timestamp="2026-01-01T23:08:32 IST" skipped="0">
  <testcase classname="testNG.DataDrivenTest" name="scenarioTest" time="0.008"/>
  <testcase classname="testNG.DataDrivenTest" name="scenarioTest" time="0.013"/>
  <testcase classname="testNG.DataDrivenTest" name="scenarioTest" time="0.001"/>
</testsuite> <!-- testNG.DataDrivenTest -->
