<?xml version="1.0" encoding="UTF-8"?>
<!-- Generated by org.testng.reporters.JUnitReportReporter -->
<testsuite hostname="LAPTOP-QKF30C9N" failures="0" tests="3" name="utils.ExcelDataProvider" time="22.404" errors="0" timestamp="2025-12-20T14:58:27 IST" skipped="0">
  <testcase classname="utils.ExcelDataProvider" name="test1" time="10.153"/>
  <testcase classname="utils.ExcelDataProvider" name="test1" time="8.146"/>
  <testcase classname="utils.ExcelDataProvider" name="test1" time="4.105"/>
</testsuite> <!-- utils.ExcelDataProvider -->
