<?xml version="1.0" encoding="UTF-8"?>
<!-- Generated by org.testng.reporters.JUnitReportReporter -->
<testsuite hostname="LAPTOP-QKF30C9N" failures="0" tests="5" name="testNG.TestDemo2" time="0.012" errors="0" timestamp="2025-11-10T21:37:47 IST" skipped="1">
  <testcase classname="testNG.TestDemo2" name="two" time="0.008"/>
  <testcase classname="testNG.TestDemo2" name="three" time="0.002"/>
  <testcase classname="testNG.TestDemo2" name="three" time="0.001"/>
  <testcase classname="testNG.TestDemo2" name="three" time="0.001"/>
  <testcase classname="testNG.TestDemo2" name="one">
    <skipped/>
  </testcase> <!-- one -->
</testsuite> <!-- testNG.TestDemo2 -->
