<?xml version="1.0" encoding="UTF-8"?>
<!-- Generated by org.testng.reporters.JUnitReportReporter -->
<testsuite hostname="LAPTOP-QKF30C9N" failures="0" tests="3" name="testNG.AnnotationUseCase" time="5.437" errors="0" timestamp="2025-11-14T00:03:48 IST" skipped="0">
  <testcase classname="testNG.AnnotationUseCase" name="Login" time="0.932"/>
  <testcase classname="testNG.AnnotationUseCase" name="TitleValidation" time="1.554"/>
  <testcase classname="testNG.AnnotationUseCase" name="Logout" time="2.951"/>
</testsuite> <!-- testNG.AnnotationUseCase -->
